<?xml version="1.0" encoding="UTF-8"?>
<testsuites tests="8" failures="0" disabled="0" errors="0" time="1.939" timestamp="2026-07-01T18:36:44.246" name="AllTests">
  <testsuite name="InventoryStoreTest" tests="8" failures="0" disabled="0" skipped="0" errors="0" time="1.939" timestamp="2026-07-01T18:36:44.246">
    <testcase name="SeedsStorageLocations" file="/home/agonb/Desktop/Robotica1-26/robotics/final_ws/src/warehouse_inventory/test/test_inventory_store.cpp" line="79" status="run" result="completed" time="0.231" timestamp="2026-07-01T18:36:44.246" classname="warehouse_inventory.InventoryStoreTest" />
    <testcase name="RegistersProduct" file="/home/agonb/Desktop/Robotica1-26/robotics/final_ws/src/warehouse_inventory/test/test_inventory_store.cpp" line="84" status="run" result="completed" time="0.26" timestamp="2026-07-01T18:36:44.478" classname="warehouse_inventory.InventoryStoreTest" />
    <testcase name="RejectsEmptyProductId" file="/home/agonb/Desktop/Robotica1-26/robotics/final_ws/src/warehouse_inventory/test/test_inventory_store.cpp" line="94" status="run" result="completed" time="0.245" timestamp="2026-07-01T18:36:44.738" classname="warehouse_inventory.InventoryStoreTest" />
    <testcase name="AssignsFirstAvailableLocation" file="/home/agonb/Desktop/Robotica1-26/robotics/final_ws/src/warehouse_inventory/test/test_inventory_store.cpp" line="105" status="run" result="completed" time="0.27" timestamp="2026-07-01T18:36:44.984" classname="warehouse_inventory.InventoryStoreTest" />
    <testcase name="DoesNotReassignExistingLocation" file="/home/agonb/Desktop/Robotica1-26/robotics/final_ws/src/warehouse_inventory/test/test_inventory_store.cpp" line="120" status="run" result="completed" time="0.264" timestamp="2026-07-01T18:36:45.255" classname="warehouse_inventory.InventoryStoreTest" />
    <testcase name="RejectsAssignmentForUnknownProduct" file="/home/agonb/Desktop/Robotica1-26/robotics/final_ws/src/warehouse_inventory/test/test_inventory_store.cpp" line="134" status="run" result="completed" time="0.232" timestamp="2026-07-01T18:36:45.520" classname="warehouse_inventory.InventoryStoreTest" />
    <testcase name="UpdatesInventoryWithoutGoingNegative" file="/home/agonb/Desktop/Robotica1-26/robotics/final_ws/src/warehouse_inventory/test/test_inventory_store.cpp" line="143" status="run" result="completed" time="0.235" timestamp="2026-07-01T18:36:45.752" classname="warehouse_inventory.InventoryStoreTest" />
    <testcase name="RejectsInventoryUpdateForUnknownProduct" file="/home/agonb/Desktop/Robotica1-26/robotics/final_ws/src/warehouse_inventory/test/test_inventory_store.cpp" line="155" status="run" result="completed" time="0.198" timestamp="2026-07-01T18:36:45.987" classname="warehouse_inventory.InventoryStoreTest" />
  </testsuite>
</testsuites>
