<?xml version="1.0" encoding="UTF-8"?>
<testsuites tests="8" failures="0" disabled="0" errors="0" time="1.051" timestamp="2026-06-25T16:05:03.495" name="AllTests">
  <testsuite name="InventoryStoreTest" tests="8" failures="0" disabled="0" skipped="0" errors="0" time="1.051" timestamp="2026-06-25T16:05:03.495">
    <testcase name="SeedsStorageLocations" file="/home/agonb/Desktop/Robotica1-26/robotics/final_ws/src/warehouse_inventory/test/test_inventory_store.cpp" line="79" status="run" result="completed" time="0.123" timestamp="2026-06-25T16:05:03.495" classname="warehouse_inventory.InventoryStoreTest" />
    <testcase name="RegistersProduct" file="/home/agonb/Desktop/Robotica1-26/robotics/final_ws/src/warehouse_inventory/test/test_inventory_store.cpp" line="84" status="run" result="completed" time="0.135" timestamp="2026-06-25T16:05:03.618" classname="warehouse_inventory.InventoryStoreTest" />
    <testcase name="RejectsEmptyProductId" file="/home/agonb/Desktop/Robotica1-26/robotics/final_ws/src/warehouse_inventory/test/test_inventory_store.cpp" line="94" status="run" result="completed" time="0.121" timestamp="2026-06-25T16:05:03.753" classname="warehouse_inventory.InventoryStoreTest" />
    <testcase name="AssignsFirstAvailableLocation" file="/home/agonb/Desktop/Robotica1-26/robotics/final_ws/src/warehouse_inventory/test/test_inventory_store.cpp" line="105" status="run" result="completed" time="0.142" timestamp="2026-06-25T16:05:03.875" classname="warehouse_inventory.InventoryStoreTest" />
    <testcase name="DoesNotReassignExistingLocation" file="/home/agonb/Desktop/Robotica1-26/robotics/final_ws/src/warehouse_inventory/test/test_inventory_store.cpp" line="120" status="run" result="completed" time="0.143" timestamp="2026-06-25T16:05:04.018" classname="warehouse_inventory.InventoryStoreTest" />
    <testcase name="RejectsAssignmentForUnknownProduct" file="/home/agonb/Desktop/Robotica1-26/robotics/final_ws/src/warehouse_inventory/test/test_inventory_store.cpp" line="134" status="run" result="completed" time="0.121" timestamp="2026-06-25T16:05:04.161" classname="warehouse_inventory.InventoryStoreTest" />
    <testcase name="UpdatesInventoryWithoutGoingNegative" file="/home/agonb/Desktop/Robotica1-26/robotics/final_ws/src/warehouse_inventory/test/test_inventory_store.cpp" line="143" status="run" result="completed" time="0.136" timestamp="2026-06-25T16:05:04.283" classname="warehouse_inventory.InventoryStoreTest" />
    <testcase name="RejectsInventoryUpdateForUnknownProduct" file="/home/agonb/Desktop/Robotica1-26/robotics/final_ws/src/warehouse_inventory/test/test_inventory_store.cpp" line="155" status="run" result="completed" time="0.126" timestamp="2026-06-25T16:05:04.419" classname="warehouse_inventory.InventoryStoreTest" />
  </testsuite>
</testsuites>
