<?xml version="1.0" encoding="UTF-8"?>
<Site BuildName="(empty)"
	BuildStamp="20260630-2249-Experimental"
	Name="agonb-Victus"
	Generator="ctest-3.28.3"
	CompilerName="/usr/bin/c++"
	CompilerVersion="13.3.0"
	OSName="Linux"
	Hostname="agonb-Victus"
	OSRelease="6.17.0-35-generic"
	OSVersion="#35~24.04.1-Ubuntu SMP PREEMPT_DYNAMIC Tue May 26 19:30:42 UTC 2"
	OSPlatform="x86_64"
	Is64Bits="1"
	VendorString="GenuineIntel"
	VendorID="Intel Corporation"
	FamilyID="6"
	ModelID="186"
	ProcessorCacheSize="12288"
	NumberOfLogicalCPU="12"
	NumberOfPhysicalCPU="8"
	TotalVirtualMemory="8191"
	TotalPhysicalMemory="23666"
	LogicalProcessorsPerPhysical="1"
	ProcessorClockFrequency="4502.85"
	>
	<Testing>
		<StartDateTime>Jun 30 18:49 -04</StartDateTime>
		<StartTestTime>1782859761</StartTestTime>
		<TestList>
			<Test>./test_inventory_store</Test>
		</TestList>
		<Test Status="passed">
			<Name>test_inventory_store</Name>
			<Path>.</Path>
			<FullName>./test_inventory_store</FullName>
			<FullCommandLine>/usr/bin/python3 "-u" "/opt/ros/jazzy/share/ament_cmake_test/cmake/run_test.py" "/home/agonb/Desktop/Robotica1-26/robotics/final_ws/build/warehouse_inventory/test_results/warehouse_inventory/test_inventory_store.gtest.xml" "--package-name" "warehouse_inventory" "--output-file" "/home/agonb/Desktop/Robotica1-26/robotics/final_ws/build/warehouse_inventory/ament_cmake_gtest/test_inventory_store.txt" "--command" "/home/agonb/Desktop/Robotica1-26/robotics/final_ws/build/warehouse_inventory/test_inventory_store" "--gtest_output=xml:/home/agonb/Desktop/Robotica1-26/robotics/final_ws/build/warehouse_inventory/test_results/warehouse_inventory/test_inventory_store.gtest.xml"</FullCommandLine>
			<Results>
				<NamedMeasurement type="numeric/double" name="Execution Time">
					<Value>1.60693</Value>
				</NamedMeasurement>
				<NamedMeasurement type="numeric/double" name="Processors">
					<Value>1</Value>
				</NamedMeasurement>
				<NamedMeasurement type="text/string" name="Completion Status">
					<Value>Completed</Value>
				</NamedMeasurement>
				<NamedMeasurement type="text/string" name="Command Line">
					<Value>/usr/bin/python3 "-u" "/opt/ros/jazzy/share/ament_cmake_test/cmake/run_test.py" "/home/agonb/Desktop/Robotica1-26/robotics/final_ws/build/warehouse_inventory/test_results/warehouse_inventory/test_inventory_store.gtest.xml" "--package-name" "warehouse_inventory" "--output-file" "/home/agonb/Desktop/Robotica1-26/robotics/final_ws/build/warehouse_inventory/ament_cmake_gtest/test_inventory_store.txt" "--command" "/home/agonb/Desktop/Robotica1-26/robotics/final_ws/build/warehouse_inventory/test_inventory_store" "--gtest_output=xml:/home/agonb/Desktop/Robotica1-26/robotics/final_ws/build/warehouse_inventory/test_results/warehouse_inventory/test_inventory_store.gtest.xml"</Value>
				</NamedMeasurement>
				<NamedMeasurement type="text/string" name="Environment">
					<Value>#CTEST_RESOURCE_GROUP_COUNT=</Value>
				</NamedMeasurement>
				<Measurement>
					<Value>-- run_test.py: invoking following command in '/home/agonb/Desktop/Robotica1-26/robotics/final_ws/build/warehouse_inventory':
 - /home/agonb/Desktop/Robotica1-26/robotics/final_ws/build/warehouse_inventory/test_inventory_store --gtest_output=xml:/home/agonb/Desktop/Robotica1-26/robotics/final_ws/build/warehouse_inventory/test_results/warehouse_inventory/test_inventory_store.gtest.xml
Running main() from /opt/ros/jazzy/src/gtest_vendor/src/gtest_main.cc
[==========] Running 8 tests from 1 test suite.
[----------] Global test environment set-up.
[----------] 8 tests from InventoryStoreTest
[ RUN      ] InventoryStoreTest.SeedsStorageLocations
[       OK ] InventoryStoreTest.SeedsStorageLocations (127 ms)
[ RUN      ] InventoryStoreTest.RegistersProduct
[       OK ] InventoryStoreTest.RegistersProduct (278 ms)
[ RUN      ] InventoryStoreTest.RejectsEmptyProductId
[       OK ] InventoryStoreTest.RejectsEmptyProductId (240 ms)
[ RUN      ] InventoryStoreTest.AssignsFirstAvailableLocation
[       OK ] InventoryStoreTest.AssignsFirstAvailableLocation (295 ms)
[ RUN      ] InventoryStoreTest.DoesNotReassignExistingLocation
[       OK ] InventoryStoreTest.DoesNotReassignExistingLocation (172 ms)
[ RUN      ] InventoryStoreTest.RejectsAssignmentForUnknownProduct
[       OK ] InventoryStoreTest.RejectsAssignmentForUnknownProduct (127 ms)
[ RUN      ] InventoryStoreTest.UpdatesInventoryWithoutGoingNegative
[       OK ] InventoryStoreTest.UpdatesInventoryWithoutGoingNegative (161 ms)
[ RUN      ] InventoryStoreTest.RejectsInventoryUpdateForUnknownProduct
[       OK ] InventoryStoreTest.RejectsInventoryUpdateForUnknownProduct (151 ms)
[----------] 8 tests from InventoryStoreTest (1555 ms total)

[----------] Global test environment tear-down
[==========] 8 tests from 1 test suite ran. (1555 ms total)
[  PASSED  ] 8 tests.
-- run_test.py: return code 0
-- run_test.py: inject classname prefix into gtest result file '/home/agonb/Desktop/Robotica1-26/robotics/final_ws/build/warehouse_inventory/test_results/warehouse_inventory/test_inventory_store.gtest.xml'
-- run_test.py: verify result file '/home/agonb/Desktop/Robotica1-26/robotics/final_ws/build/warehouse_inventory/test_results/warehouse_inventory/test_inventory_store.gtest.xml'
</Value>
				</Measurement>
			</Results>
			<Labels>
				<Label>gtest</Label>
			</Labels>
		</Test>
		<EndDateTime>Jun 30 18:49 -04</EndDateTime>
		<EndTestTime>1782859762</EndTestTime>
		<ElapsedMinutes>0</ElapsedMinutes>
	</Testing>
</Site>
